[2021-08-07 15:17:08] local.DEBUG: Non text message has come  
[2021-08-07 15:17:08] local.DEBUG: array (
  'event' => 
  LINE\LINEBot\Event\MessageEvent\TextMessage::__set_state(array(
     'emojis' => NULL,
     'mentionees' => NULL,
     'message' => 
    array (
      'type' => 'text',
      'id' => '14532564105535',
      'text' => 'テスト',
    ),
     'event' => 
    array (
      'type' => 'message',
      'message' => 
      array (
        'type' => 'text',
        'id' => '14532564105535',
        'text' => 'テスト',
      ),
      'timestamp' => 1628349430881,
      'source' => 
      array (
        'type' => 'user',
        'userId' => 'U24784f004d5f4d3515f69ba0a6d58c51',
      ),
      'replyToken' => 'aa7f9fa813df433c8ba2ac8fb30c06af',
      'mode' => 'active',
    ),
  )),
)  
[2021-08-07 15:19:15] local.DEBUG: Non text message has come  
[2021-08-07 15:19:15] local.DEBUG: array (
  'event' => 
  LINE\LINEBot\Event\MessageEvent\TextMessage::__set_state(array(
     'emojis' => NULL,
     'mentionees' => NULL,
     'message' => 
    array (
      'type' => 'text',
      'id' => '14532572148596',
      'text' => 'テスト',
    ),
     'event' => 
    array (
      'type' => 'message',
      'message' => 
      array (
        'type' => 'text',
        'id' => '14532572148596',
        'text' => 'テスト',
      ),
      'timestamp' => 1628349557361,
      'source' => 
      array (
        'type' => 'user',
        'userId' => 'U24784f004d5f4d3515f69ba0a6d58c51',
      ),
      'replyToken' => '5a451362f6db4fe3b37dce7a72b22d7c',
      'mode' => 'active',
    ),
  )),
  'insance' => false,
)  
[2021-08-07 15:20:30] local.ERROR: Call to undefined method LINE\LINEBot\Event\MessageEvent\TextMessage::getReplyTokn() {"exception":"[object] (Error(code: 0): Call to undefined method LINE\\LINEBot\\Event\\MessageEvent\\TextMessage::getReplyTokn() at /home/shohei1230/weather-laundry/app/Http/Controllers/LineBotController.php:34)
[stacktrace]
#0 /home/shohei1230/weather-laundry/vendor/laravel/framework/src/Illuminate/Routing/Controller.php(54): App\\Http\\Controllers\\LineBotController->parrot()
#1 /home/shohei1230/weather-laundry/vendor/laravel/framework/src/Illuminate/Routing/ControllerDispatcher.php(45): Illuminate\\Routing\\Controller->callAction()
#2 /home/shohei1230/weather-laundry/vendor/laravel/framework/src/Illuminate/Routing/Route.php(254): Illuminate\\Routing\\ControllerDispatcher->dispatch()
#3 /home/shohei1230/weather-laundry/vendor/laravel/framework/src/Illuminate/Routing/Route.php(197): Illuminate\\Routing\\Route->runController()
#4 /home/shohei1230/weather-laundry/vendor/laravel/framework/src/Illuminate/Routing/Router.php(695): Illuminate\\Routing\\Route->run()
#5 /home/shohei1230/weather-laundry/vendor/laravel/framework/src/Illuminate/Pipeline/Pipeline.php(128): Illuminate\\Routing\\Router->Illuminate\\Routing\\{closure}()
#6 /home/shohei1230/weather-laundry/vendor/laravel/framework/src/Illuminate/Routing/Middleware/SubstituteBindings.php(50): Illuminate\\Pipeline\\Pipeline->Illuminate\\Pipeline\\{closure}()
#7 /home/shohei1230/weather-laundry/vendor/laravel/framework/src/Illuminate/Pipeline/Pipeline.php(167): Illuminate\\Routing\\Middleware\\SubstituteBindings->handle()
#8 /home/shohei1230/weather-laundry/vendor/laravel/framework/src/Illuminate/Routing/Middleware/ThrottleRequests.php(127): Illuminate\\Pipeline\\Pipeline->Illuminate\\Pipeline\\{closure}()
#9 /home/shohei1230/weather-laundry/vendor/laravel/framework/src/Illuminate/Routing/Middleware/ThrottleRequests.php(103): Illuminate\\Routing\\Middleware\\ThrottleRequests->handleRequest()
#10 /home/shohei1230/weather-laundry/vendor/laravel/framework/src/Illuminate/Routing/Middleware/ThrottleRequests.php(55): Illuminate\\Routing\\Middleware\\ThrottleRequests->handleRequestUsingNamedLimiter()
#11 /home/shohei1230/weather-laundry/vendor/laravel/framework/src/Illuminate/Pipeline/Pipeline.php(167): Illuminate\\Routing\\Middleware\\ThrottleRequests->handle()
#12 /home/shohei1230/weather-laundry/vendor/laravel/framework/src/Illuminate/Pipeline/Pipeline.php(103): Illuminate\\Pipeline\\Pipeline->Illuminate\\Pipeline\\{closure}()
#13 /home/shohei1230/weather-laundry/vendor/laravel/framework/src/Illuminate/Routing/Router.php(697): Illuminate\\Pipeline\\Pipeline->then()
#14 /home/shohei1230/weather-laundry/vendor/laravel/framework/src/Illuminate/Routing/Router.php(672): Illuminate\\Routing\\Router->runRouteWithinStack()
#15 /home/shohei1230/weather-laundry/vendor/laravel/framework/src/Illuminate/Routing/Router.php(636): Illuminate\\Routing\\Router->runRoute()
#16 /home/shohei1230/weather-laundry/vendor/laravel/framework/src/Illuminate/Routing/Router.php(625): Illuminate\\Routing\\Router->dispatchToRoute()
#17 /home/shohei1230/weather-laundry/vendor/laravel/framework/src/Illuminate/Foundation/Http/Kernel.php(166): Illuminate\\Routing\\Router->dispatch()
#18 /home/shohei1230/weather-laundry/vendor/laravel/framework/src/Illuminate/Pipeline/Pipeline.php(128): Illuminate\\Foundation\\Http\\Kernel->Illuminate\\Foundation\\Http\\{closure}()
#19 /home/shohei1230/weather-laundry/vendor/laravel/framework/src/Illuminate/Foundation/Http/Middleware/TransformsRequest.php(21): Illuminate\\Pipeline\\Pipeline->Illuminate\\Pipeline\\{closure}()
#20 /home/shohei1230/weather-laundry/vendor/laravel/framework/src/Illuminate/Foundation/Http/Middleware/ConvertEmptyStringsToNull.php(31): Illuminate\\Foundation\\Http\\Middleware\\TransformsRequest->handle()
#21 /home/shohei1230/weather-laundry/vendor/laravel/framework/src/Illuminate/Pipeline/Pipeline.php(167): Illuminate\\Foundation\\Http\\Middleware\\ConvertEmptyStringsToNull->handle()
#22 /home/shohei1230/weather-laundry/vendor/laravel/framework/src/Illuminate/Foundation/Http/Middleware/TransformsRequest.php(21): Illuminate\\Pipeline\\Pipeline->Illuminate\\Pipeline\\{closure}()
#23 /home/shohei1230/weather-laundry/vendor/laravel/framework/src/Illuminate/Foundation/Http/Middleware/TrimStrings.php(40): Illuminate\\Foundation\\Http\\Middleware\\TransformsRequest->handle()
#24 /home/shohei1230/weather-laundry/vendor/laravel/framework/src/Illuminate/Pipeline/Pipeline.php(167): Illuminate\\Foundation\\Http\\Middleware\\TrimStrings->handle()
#25 /home/shohei1230/weather-laundry/vendor/laravel/framework/src/Illuminate/Foundation/Http/Middleware/ValidatePostSize.php(27): Illuminate\\Pipeline\\Pipeline->Illuminate\\Pipeline\\{closure}()
#26 /home/shohei1230/weather-laundry/vendor/laravel/framework/src/Illuminate/Pipeline/Pipeline.php(167): Illuminate\\Foundation\\Http\\Middleware\\ValidatePostSize->handle()
#27 /home/shohei1230/weather-laundry/vendor/laravel/framework/src/Illuminate/Foundation/Http/Middleware/PreventRequestsDuringMaintenance.php(86): Illuminate\\Pipeline\\Pipeline->Illuminate\\Pipeline\\{closure}()
#28 /home/shohei1230/weather-laundry/vendor/laravel/framework/src/Illuminate/Pipeline/Pipeline.php(167): Illuminate\\Foundation\\Http\\Middleware\\PreventRequestsDuringMaintenance->handle()
#29 /home/shohei1230/weather-laundry/vendor/fruitcake/laravel-cors/src/HandleCors.php(52): Illuminate\\Pipeline\\Pipeline->Illuminate\\Pipeline\\{closure}()
#30 /home/shohei1230/weather-laundry/vendor/laravel/framework/src/Illuminate/Pipeline/Pipeline.php(167): Fruitcake\\Cors\\HandleCors->handle()
#31 /home/shohei1230/weather-laundry/vendor/fideloper/proxy/src/TrustProxies.php(57): Illuminate\\Pipeline\\Pipeline->Illuminate\\Pipeline\\{closure}()
#32 /home/shohei1230/weather-laundry/vendor/laravel/framework/src/Illuminate/Pipeline/Pipeline.php(167): Fideloper\\Proxy\\TrustProxies->handle()
#33 /home/shohei1230/weather-laundry/vendor/laravel/framework/src/Illuminate/Pipeline/Pipeline.php(103): Illuminate\\Pipeline\\Pipeline->Illuminate\\Pipeline\\{closure}()
#34 /home/shohei1230/weather-laundry/vendor/laravel/framework/src/Illuminate/Foundation/Http/Kernel.php(141): Illuminate\\Pipeline\\Pipeline->then()
#35 /home/shohei1230/weather-laundry/vendor/laravel/framework/src/Illuminate/Foundation/Http/Kernel.php(110): Illuminate\\Foundation\\Http\\Kernel->sendRequestThroughRouter()
#36 /home/shohei1230/weather-laundry/public/index.php(52): Illuminate\\Foundation\\Http\\Kernel->handle()
#37 /home/shohei1230/weather-laundry/server.php(21): require_once('...')
#38 {main}
"} 
[2021-08-07 15:21:24] local.DEBUG: array (
  'token' => 'cff1f19b681d45f79f32ab575267373a',
  'text' => 'テスト',
)  
